{"C:\\Users\\BSM19.9.24\\Desktop\\Manga-ChapterTracker\\src\\db\\sqlite.js": {"path":"C:\\Users\\BSM19.9.24\\Desktop\\Manga-ChapterTracker\\src\\db\\sqlite.js","statementMap":{"0":{"start":{"line":2,"column":11},"end":{"line":2,"column":34}},"1":{"start":{"line":5,"column":0},"end":{"line":12,"column":9}},"2":{"start":{"line":14,"column":0},"end":{"line":23,"column":9}},"3":{"start":{"line":25,"column":0},"end":{"line":32,"column":9}}},"fnMap":{},"branchMap":{},"s":{"0":1,"1":1,"2":1,"3":1},"f":{},"b":{},"_coverageSchema":"1a1c01bbd47fc00a2c39e90264f33305004495a9","hash":"487ebb6c1fb02953fcc19b39b43b217d8fac269a"}
,"C:\\Users\\BSM19.9.24\\Desktop\\Manga-ChapterTracker\\src\\db\\testDatabase.mjs": {"path":"C:\\Users\\BSM19.9.24\\Desktop\\Manga-ChapterTracker\\src\\db\\testDatabase.mjs","statementMap":{"0":{"start":{"line":3,"column":15},"end":{"line":3,"column":39}},"1":{"start":{"line":6,"column":0},"end":{"line":13,"column":9}},"2":{"start":{"line":15,"column":0},"end":{"line":24,"column":9}},"3":{"start":{"line":26,"column":0},"end":{"line":33,"column":9}}},"fnMap":{},"branchMap":{},"s":{"0":1,"1":1,"2":1,"3":1},"f":{},"b":{},"_coverageSchema":"1a1c01bbd47fc00a2c39e90264f33305004495a9","hash":"14a8a337fbd8d8b6d32deba24486e1a4c56c805a"}
,"C:\\Users\\BSM19.9.24\\Desktop\\Manga-ChapterTracker\\src\\discord\\bot.js": {"path":"C:\\Users\\BSM19.9.24\\Desktop\\Manga-ChapterTracker\\src\\discord\\bot.js","statementMap":{"0":{"start":{"line":4,"column":0},"end":{"line":4,"column":16}},"1":{"start":{"line":6,"column":15},"end":{"line":15,"column":2}},"2":{"start":{"line":17,"column":17},"end":{"line":20,"column":1}},"3":{"start":{"line":23,"column":2},"end":{"line":23,"column":48}},"4":{"start":{"line":24,"column":2},"end":{"line":29,"column":5}},"5":{"start":{"line":25,"column":4},"end":{"line":28,"column":7}},"6":{"start":{"line":26,"column":6},"end":{"line":26,"column":72}},"7":{"start":{"line":27,"column":6},"end":{"line":27,"column":16}},"8":{"start":{"line":33,"column":18},"end":{"line":33,"column":56}},"9":{"start":{"line":34,"column":2},"end":{"line":34,"column":66}},"10":{"start":{"line":34,"column":16},"end":{"line":34,"column":66}},"11":{"start":{"line":35,"column":2},"end":{"line":35,"column":49}},"12":{"start":{"line":39,"column":18},"end":{"line":39,"column":56}},"13":{"start":{"line":40,"column":2},"end":{"line":40,"column":66}},"14":{"start":{"line":40,"column":16},"end":{"line":40,"column":66}},"15":{"start":{"line":41,"column":2},"end":{"line":41,"column":37}},"16":{"start":{"line":45,"column":15},"end":{"line":45,"column":47}},"17":{"start":{"line":46,"column":2},"end":{"line":46,"column":64}},"18":{"start":{"line":46,"column":13},"end":{"line":46,"column":64}},"19":{"start":{"line":47,"column":2},"end":{"line":47,"column":34}},"20":{"start":{"line":51,"column":2},"end":{"line":53,"column":5}},"21":{"start":{"line":52,"column":4},"end":{"line":52,"column":78}}},"fnMap":{"0":{"name":"startDiscordBot","decl":{"start":{"line":22,"column":15},"end":{"line":22,"column":30}},"loc":{"start":{"line":22,"column":33},"end":{"line":30,"column":1}},"line":22},"1":{"name":"(anonymous_1)","decl":{"start":{"line":24,"column":21},"end":{"line":24,"column":22}},"loc":{"start":{"line":24,"column":32},"end":{"line":29,"column":3}},"line":24},"2":{"name":"(anonymous_2)","decl":{"start":{"line":25,"column":25},"end":{"line":25,"column":26}},"loc":{"start":{"line":25,"column":31},"end":{"line":28,"column":5}},"line":25},"3":{"name":"sendEmbed","decl":{"start":{"line":32,"column":15},"end":{"line":32,"column":24}},"loc":{"start":{"line":32,"column":43},"end":{"line":36,"column":1}},"line":32},"4":{"name":"sendMessage","decl":{"start":{"line":38,"column":15},"end":{"line":38,"column":26}},"loc":{"start":{"line":38,"column":47},"end":{"line":42,"column":1}},"line":38},"5":{"name":"sendDM","decl":{"start":{"line":44,"column":15},"end":{"line":44,"column":21}},"loc":{"start":{"line":44,"column":39},"end":{"line":48,"column":1}},"line":44},"6":{"name":"setupReactionListeners","decl":{"start":{"line":50,"column":9},"end":{"line":50,"column":31}},"loc":{"start":{"line":50,"column":34},"end":{"line":54,"column":1}},"line":50},"7":{"name":"(anonymous_7)","decl":{"start":{"line":51,"column":34},"end":{"line":51,"column":35}},"loc":{"start":{"line":51,"column":54},"end":{"line":53,"column":3}},"line":51}},"branchMap":{"0":{"loc":{"start":{"line":34,"column":2},"end":{"line":34,"column":66}},"type":"if","locations":[{"start":{"line":34,"column":2},"end":{"line":34,"column":66}},{"start":{},"end":{}}],"line":34},"1":{"loc":{"start":{"line":40,"column":2},"end":{"line":40,"column":66}},"type":"if","locations":[{"start":{"line":40,"column":2},"end":{"line":40,"column":66}},{"start":{},"end":{}}],"line":40},"2":{"loc":{"start":{"line":46,"column":2},"end":{"line":46,"column":64}},"type":"if","locations":[{"start":{"line":46,"column":2},"end":{"line":46,"column":64}},{"start":{},"end":{}}],"line":46}},"s":{"0":2,"1":2,"2":2,"3":0,"4":0,"5":0,"6":0,"7":0,"8":0,"9":0,"10":0,"11":0,"12":0,"13":0,"14":0,"15":0,"16":0,"17":0,"18":0,"19":0,"20":1,"21":0},"f":{"0":0,"1":0,"2":0,"3":0,"4":0,"5":0,"6":1,"7":0},"b":{"0":[0,0],"1":[0,0],"2":[0,0]},"_coverageSchema":"1a1c01bbd47fc00a2c39e90264f33305004495a9","hash":"21be81b8faafdf2a616fa24b7f623b58009fa6c6"}
,"C:\\Users\\BSM19.9.24\\Desktop\\Manga-ChapterTracker\\src\\services\\anilistService.js": {"path":"C:\\Users\\BSM19.9.24\\Desktop\\Manga-ChapterTracker\\src\\services\\anilistService.js","statementMap":{"0":{"start":{"line":3,"column":17},"end":{"line":3,"column":45}},"1":{"start":{"line":5,"column":22},"end":{"line":28,"column":1}},"2":{"start":{"line":30,"column":20},"end":{"line":60,"column":1}},"3":{"start":{"line":64,"column":2},"end":{"line":71,"column":3}},"4":{"start":{"line":65,"column":19},"end":{"line":65,"column":46}},"5":{"start":{"line":66,"column":17},"end":{"line":66,"column":69}},"6":{"start":{"line":67,"column":4},"end":{"line":67,"column":37}},"7":{"start":{"line":69,"column":4},"end":{"line":69,"column":57}},"8":{"start":{"line":70,"column":4},"end":{"line":70,"column":14}},"9":{"start":{"line":75,"column":2},"end":{"line":92,"column":3}},"10":{"start":{"line":76,"column":19},"end":{"line":76,"column":46}},"11":{"start":{"line":77,"column":16},"end":{"line":77,"column":45}},"12":{"start":{"line":79,"column":25},"end":{"line":79,"column":50}},"13":{"start":{"line":80,"column":21},"end":{"line":80,"column":57}},"14":{"start":{"line":80,"column":51},"end":{"line":80,"column":55}},"15":{"start":{"line":82,"column":17},"end":{"line":82,"column":70}},"16":{"start":{"line":84,"column":4},"end":{"line":84,"column":50}},"17":{"start":{"line":86,"column":4},"end":{"line":88,"column":16}},"18":{"start":{"line":87,"column":12},"end":{"line":87,"column":37}},"19":{"start":{"line":90,"column":4},"end":{"line":90,"column":59}},"20":{"start":{"line":91,"column":4},"end":{"line":91,"column":14}}},"fnMap":{"0":{"name":"fetchRecentAnimes","decl":{"start":{"line":63,"column":22},"end":{"line":63,"column":39}},"loc":{"start":{"line":63,"column":64},"end":{"line":72,"column":1}},"line":63},"1":{"name":"fetchRecentEpisodes","decl":{"start":{"line":74,"column":22},"end":{"line":74,"column":41}},"loc":{"start":{"line":74,"column":57},"end":{"line":93,"column":1}},"line":74},"2":{"name":"(anonymous_2)","decl":{"start":{"line":80,"column":46},"end":{"line":80,"column":47}},"loc":{"start":{"line":80,"column":51},"end":{"line":80,"column":55}},"line":80},"3":{"name":"(anonymous_3)","decl":{"start":{"line":87,"column":6},"end":{"line":87,"column":7}},"loc":{"start":{"line":87,"column":12},"end":{"line":87,"column":37}},"line":87}},"branchMap":{"0":{"loc":{"start":{"line":63,"column":40},"end":{"line":63,"column":48}},"type":"default-arg","locations":[{"start":{"line":63,"column":47},"end":{"line":63,"column":48}}],"line":63},"1":{"loc":{"start":{"line":63,"column":50},"end":{"line":63,"column":62}},"type":"default-arg","locations":[{"start":{"line":63,"column":60},"end":{"line":63,"column":62}}],"line":63},"2":{"loc":{"start":{"line":74,"column":42},"end":{"line":74,"column":55}},"type":"default-arg","locations":[{"start":{"line":74,"column":52},"end":{"line":74,"column":55}}],"line":74}},"s":{"0":2,"1":2,"2":2,"3":2,"4":2,"5":2,"6":1,"7":2,"8":2,"9":1,"10":1,"11":1,"12":1,"13":1,"14":0,"15":1,"16":1,"17":1,"18":0,"19":1,"20":1},"f":{"0":2,"1":1,"2":0,"3":0},"b":{"0":[2],"1":[2],"2":[0]},"_coverageSchema":"1a1c01bbd47fc00a2c39e90264f33305004495a9","hash":"588f1657b9213170b2c0dd478a96bab3a5f0fca0"}
,"C:\\Users\\BSM19.9.24\\Desktop\\Manga-ChapterTracker\\src\\services\\animeService.js": {"path":"C:\\Users\\BSM19.9.24\\Desktop\\Manga-ChapterTracker\\src\\services\\animeService.js","statementMap":{"0":{"start":{"line":5,"column":21},"end":{"line":5,"column":25}},"1":{"start":{"line":8,"column":17},"end":{"line":8,"column":60}},"2":{"start":{"line":10,"column":25},"end":{"line":19,"column":4}},"3":{"start":{"line":11,"column":4},"end":{"line":18,"column":7}},"4":{"start":{"line":12,"column":6},"end":{"line":17,"column":7}},"5":{"start":{"line":13,"column":8},"end":{"line":13,"column":63}},"6":{"start":{"line":14,"column":8},"end":{"line":14,"column":20}},"7":{"start":{"line":16,"column":8},"end":{"line":16,"column":22}},"8":{"start":{"line":22,"column":28},"end":{"line":22,"column":74}},"9":{"start":{"line":22,"column":64},"end":{"line":22,"column":72}},"10":{"start":{"line":24,"column":2},"end":{"line":63,"column":3}},"11":{"start":{"line":25,"column":4},"end":{"line":62,"column":5}},"12":{"start":{"line":26,"column":20},"end":{"line":26,"column":61}},"13":{"start":{"line":28,"column":27},"end":{"line":32,"column":29}},"14":{"start":{"line":34,"column":20},"end":{"line":43,"column":7}},"15":{"start":{"line":46,"column":22},"end":{"line":46,"column":61}},"16":{"start":{"line":48,"column":6},"end":{"line":48,"column":40}},"17":{"start":{"line":51,"column":6},"end":{"line":61,"column":8}},"18":{"start":{"line":67,"column":2},"end":{"line":70,"column":5}},"19":{"start":{"line":68,"column":4},"end":{"line":68,"column":25}},"20":{"start":{"line":68,"column":18},"end":{"line":68,"column":25}},"21":{"start":{"line":69,"column":4},"end":{"line":69,"column":47}},"22":{"start":{"line":72,"column":2},"end":{"line":75,"column":5}},"23":{"start":{"line":73,"column":4},"end":{"line":73,"column":25}},"24":{"start":{"line":73,"column":18},"end":{"line":73,"column":25}},"25":{"start":{"line":74,"column":4},"end":{"line":74,"column":48}},"26":{"start":{"line":79,"column":2},"end":{"line":83,"column":4}},"27":{"start":{"line":84,"column":2},"end":{"line":84,"column":63}},"28":{"start":{"line":84,"column":32},"end":{"line":84,"column":63}},"29":{"start":{"line":85,"column":2},"end":{"line":85,"column":47}},"30":{"start":{"line":85,"column":24},"end":{"line":85,"column":47}},"31":{"start":{"line":87,"column":2},"end":{"line":87,"column":51}},"32":{"start":{"line":87,"column":44},"end":{"line":87,"column":51}},"33":{"start":{"line":88,"column":2},"end":{"line":88,"column":62}},"34":{"start":{"line":88,"column":55},"end":{"line":88,"column":62}},"35":{"start":{"line":90,"column":16},"end":{"line":90,"column":42}},"36":{"start":{"line":91,"column":2},"end":{"line":91,"column":21}},"37":{"start":{"line":91,"column":14},"end":{"line":91,"column":21}},"38":{"start":{"line":93,"column":21},"end":{"line":93,"column":66}},"39":{"start":{"line":94,"column":2},"end":{"line":94,"column":26}},"40":{"start":{"line":94,"column":19},"end":{"line":94,"column":26}},"41":{"start":{"line":96,"column":21},"end":{"line":96,"column":34}},"42":{"start":{"line":98,"column":16},"end":{"line":100,"column":20}},"43":{"start":{"line":101,"column":2},"end":{"line":101,"column":21}},"44":{"start":{"line":101,"column":14},"end":{"line":101,"column":21}},"45":{"start":{"line":103,"column":2},"end":{"line":132,"column":3}},"46":{"start":{"line":104,"column":4},"end":{"line":106,"column":34}},"47":{"start":{"line":107,"column":4},"end":{"line":107,"column":75}},"48":{"start":{"line":109,"column":4},"end":{"line":116,"column":5}},"49":{"start":{"line":110,"column":6},"end":{"line":113,"column":8}},"50":{"start":{"line":115,"column":6},"end":{"line":115,"column":48}},"51":{"start":{"line":118,"column":4},"end":{"line":121,"column":6}},"52":{"start":{"line":122,"column":4},"end":{"line":122,"column":69}},"53":{"start":{"line":124,"column":4},"end":{"line":131,"column":5}},"54":{"start":{"line":125,"column":6},"end":{"line":128,"column":8}},"55":{"start":{"line":130,"column":6},"end":{"line":130,"column":48}}},"fnMap":{"0":{"name":"checkNewAnimes","decl":{"start":{"line":7,"column":15},"end":{"line":7,"column":29}},"loc":{"start":{"line":7,"column":50},"end":{"line":64,"column":1}},"line":7},"1":{"name":"(anonymous_1)","decl":{"start":{"line":10,"column":43},"end":{"line":10,"column":44}},"loc":{"start":{"line":10,"column":64},"end":{"line":19,"column":3}},"line":10},"2":{"name":"(anonymous_2)","decl":{"start":{"line":11,"column":45},"end":{"line":11,"column":46}},"loc":{"start":{"line":11,"column":60},"end":{"line":18,"column":5}},"line":11},"3":{"name":"(anonymous_3)","decl":{"start":{"line":22,"column":55},"end":{"line":22,"column":56}},"loc":{"start":{"line":22,"column":64},"end":{"line":22,"column":72}},"line":22},"4":{"name":"setupReactionListeners","decl":{"start":{"line":66,"column":9},"end":{"line":66,"column":31}},"loc":{"start":{"line":66,"column":34},"end":{"line":76,"column":1}},"line":66},"5":{"name":"(anonymous_5)","decl":{"start":{"line":67,"column":34},"end":{"line":67,"column":35}},"loc":{"start":{"line":67,"column":60},"end":{"line":70,"column":3}},"line":67},"6":{"name":"(anonymous_6)","decl":{"start":{"line":72,"column":37},"end":{"line":72,"column":38}},"loc":{"start":{"line":72,"column":63},"end":{"line":75,"column":3}},"line":72},"7":{"name":"handleReaction","decl":{"start":{"line":78,"column":15},"end":{"line":78,"column":29}},"loc":{"start":{"line":78,"column":53},"end":{"line":133,"column":1}},"line":78}},"branchMap":{"0":{"loc":{"start":{"line":12,"column":6},"end":{"line":17,"column":7}},"type":"if","locations":[{"start":{"line":12,"column":6},"end":{"line":17,"column":7}},{"start":{"line":15,"column":13},"end":{"line":17,"column":7}}],"line":12},"1":{"loc":{"start":{"line":25,"column":4},"end":{"line":62,"column":5}},"type":"if","locations":[{"start":{"line":25,"column":4},"end":{"line":62,"column":5}},{"start":{},"end":{}}],"line":25},"2":{"loc":{"start":{"line":26,"column":20},"end":{"line":26,"column":61}},"type":"binary-expr","locations":[{"start":{"line":26,"column":20},"end":{"line":26,"column":39}},{"start":{"line":26,"column":43},"end":{"line":26,"column":61}}],"line":26},"3":{"loc":{"start":{"line":28,"column":27},"end":{"line":32,"column":29}},"type":"cond-expr","locations":[{"start":{"line":29,"column":10},"end":{"line":31,"column":12}},{"start":{"line":32,"column":10},"end":{"line":32,"column":29}}],"line":28},"4":{"loc":{"start":{"line":29,"column":13},"end":{"line":29,"column":40}},"type":"binary-expr","locations":[{"start":{"line":29,"column":13},"end":{"line":29,"column":32}},{"start":{"line":29,"column":36},"end":{"line":29,"column":40}}],"line":29},"5":{"loc":{"start":{"line":29,"column":44},"end":{"line":29,"column":73}},"type":"binary-expr","locations":[{"start":{"line":29,"column":44},"end":{"line":29,"column":65}},{"start":{"line":29,"column":69},"end":{"line":29,"column":73}}],"line":29},"6":{"loc":{"start":{"line":30,"column":12},"end":{"line":30,"column":42}},"type":"binary-expr","locations":[{"start":{"line":30,"column":12},"end":{"line":30,"column":32}},{"start":{"line":30,"column":36},"end":{"line":30,"column":42}}],"line":30},"7":{"loc":{"start":{"line":40,"column":15},"end":{"line":40,"column":66}},"type":"binary-expr","locations":[{"start":{"line":40,"column":15},"end":{"line":40,"column":38}},{"start":{"line":40,"column":42},"end":{"line":40,"column":66}}],"line":40},"8":{"loc":{"start":{"line":60,"column":8},"end":{"line":60,"column":59}},"type":"binary-expr","locations":[{"start":{"line":60,"column":8},"end":{"line":60,"column":31}},{"start":{"line":60,"column":35},"end":{"line":60,"column":59}}],"line":60},"9":{"loc":{"start":{"line":68,"column":4},"end":{"line":68,"column":25}},"type":"if","locations":[{"start":{"line":68,"column":4},"end":{"line":68,"column":25}},{"start":{},"end":{}}],"line":68},"10":{"loc":{"start":{"line":73,"column":4},"end":{"line":73,"column":25}},"type":"if","locations":[{"start":{"line":73,"column":4},"end":{"line":73,"column":25}},{"start":{},"end":{}}],"line":73},"11":{"loc":{"start":{"line":80,"column":16},"end":{"line":80,"column":43}},"type":"cond-expr","locations":[{"start":{"line":80,"column":24},"end":{"line":80,"column":31}},{"start":{"line":80,"column":34},"end":{"line":80,"column":43}}],"line":80},"12":{"loc":{"start":{"line":84,"column":2},"end":{"line":84,"column":63}},"type":"if","locations":[{"start":{"line":84,"column":2},"end":{"line":84,"column":63}},{"start":{},"end":{}}],"line":84},"13":{"loc":{"start":{"line":85,"column":2},"end":{"line":85,"column":47}},"type":"if","locations":[{"start":{"line":85,"column":2},"end":{"line":85,"column":47}},{"start":{},"end":{}}],"line":85},"14":{"loc":{"start":{"line":87,"column":2},"end":{"line":87,"column":51}},"type":"if","locations":[{"start":{"line":87,"column":2},"end":{"line":87,"column":51}},{"start":{},"end":{}}],"line":87},"15":{"loc":{"start":{"line":88,"column":2},"end":{"line":88,"column":62}},"type":"if","locations":[{"start":{"line":88,"column":2},"end":{"line":88,"column":62}},{"start":{},"end":{}}],"line":88},"16":{"loc":{"start":{"line":91,"column":2},"end":{"line":91,"column":21}},"type":"if","locations":[{"start":{"line":91,"column":2},"end":{"line":91,"column":21}},{"start":{},"end":{}}],"line":91},"17":{"loc":{"start":{"line":94,"column":2},"end":{"line":94,"column":26}},"type":"if","locations":[{"start":{"line":94,"column":2},"end":{"line":94,"column":26}},{"start":{},"end":{}}],"line":94},"18":{"loc":{"start":{"line":101,"column":2},"end":{"line":101,"column":21}},"type":"if","locations":[{"start":{"line":101,"column":2},"end":{"line":101,"column":21}},{"start":{},"end":{}}],"line":101},"19":{"loc":{"start":{"line":103,"column":2},"end":{"line":132,"column":3}},"type":"if","locations":[{"start":{"line":103,"column":2},"end":{"line":132,"column":3}},{"start":{"line":117,"column":9},"end":{"line":132,"column":3}}],"line":103}},"s":{"0":1,"1":2,"2":2,"3":2,"4":0,"5":0,"6":0,"7":0,"8":0,"9":0,"10":0,"11":0,"12":0,"13":0,"14":0,"15":0,"16":0,"17":0,"18":0,"19":0,"20":0,"21":0,"22":0,"23":0,"24":0,"25":0,"26":0,"27":0,"28":0,"29":0,"30":0,"31":0,"32":0,"33":0,"34":0,"35":0,"36":0,"37":0,"38":0,"39":0,"40":0,"41":0,"42":0,"43":0,"44":0,"45":0,"46":0,"47":0,"48":0,"49":0,"50":0,"51":0,"52":0,"53":0,"54":0,"55":0},"f":{"0":2,"1":2,"2":0,"3":0,"4":0,"5":0,"6":0,"7":0},"b":{"0":[0,0],"1":[0,0],"2":[0,0],"3":[0,0],"4":[0,0],"5":[0,0],"6":[0,0],"7":[0,0],"8":[0,0],"9":[0,0],"10":[0,0],"11":[0,0],"12":[0,0],"13":[0,0],"14":[0,0],"15":[0,0],"16":[0,0],"17":[0,0],"18":[0,0],"19":[0,0]},"_coverageSchema":"1a1c01bbd47fc00a2c39e90264f33305004495a9","hash":"5c134ae2c04b190d10bcc36d8c7f7110783dd418"}
}
