TN:
SF:src\db\sqlite.js
FNF:0
FNH:0
DA:2,1
DA:5,1
DA:14,1
DA:25,1
LF:4
LH:4
BRF:0
BRH:0
end_of_record
TN:
SF:src\db\testDatabase.mjs
FNF:0
FNH:0
DA:3,1
DA:6,1
DA:15,1
DA:26,1
LF:4
LH:4
BRF:0
BRH:0
end_of_record
TN:
SF:src\discord\bot.js
FN:22,startDiscordBot
FN:24,(anonymous_1)
FN:25,(anonymous_2)
FN:32,sendEmbed
FN:38,sendMessage
FN:44,sendDM
FN:50,setupReactionListeners
FN:51,(anonymous_7)
FNF:8
FNH:1
FNDA:0,startDiscordBot
FNDA:0,(anonymous_1)
FNDA:0,(anonymous_2)
FNDA:0,sendEmbed
FNDA:0,sendMessage
FNDA:0,sendDM
FNDA:1,setupReactionListeners
FNDA:0,(anonymous_7)
DA:4,2
DA:6,2
DA:17,2
DA:23,0
DA:24,0
DA:25,0
DA:26,0
DA:27,0
DA:33,0
DA:34,0
DA:35,0
DA:39,0
DA:40,0
DA:41,0
DA:45,0
DA:46,0
DA:47,0
DA:51,1
DA:52,0
LF:19
LH:4
BRDA:34,0,0,0
BRDA:34,0,1,0
BRDA:40,1,0,0
BRDA:40,1,1,0
BRDA:46,2,0,0
BRDA:46,2,1,0
BRF:6
BRH:0
end_of_record
TN:
SF:src\services\anilistService.js
FN:63,fetchRecentAnimes
FN:74,fetchRecentEpisodes
FN:80,(anonymous_2)
FN:87,(anonymous_3)
FNF:4
FNH:2
FNDA:2,fetchRecentAnimes
FNDA:1,fetchRecentEpisodes
FNDA:0,(anonymous_2)
FNDA:0,(anonymous_3)
DA:3,2
DA:5,2
DA:30,2
DA:64,2
DA:65,2
DA:66,2
DA:67,1
DA:69,2
DA:70,2
DA:75,1
DA:76,1
DA:77,1
DA:79,1
DA:80,1
DA:82,1
DA:84,1
DA:86,1
DA:87,0
DA:90,1
DA:91,1
LF:20
LH:19
BRDA:63,0,0,2
BRDA:63,1,0,2
BRDA:74,2,0,0
BRF:3
BRH:2
end_of_record
TN:
SF:src\services\animeService.js
FN:7,checkNewAnimes
FN:10,(anonymous_1)
FN:11,(anonymous_2)
FN:22,(anonymous_3)
FN:66,setupReactionListeners
FN:67,(anonymous_5)
FN:72,(anonymous_6)
FN:78,handleReaction
FNF:8
FNH:2
FNDA:2,checkNewAnimes
FNDA:2,(anonymous_1)
FNDA:0,(anonymous_2)
FNDA:0,(anonymous_3)
FNDA:0,setupReactionListeners
FNDA:0,(anonymous_5)
FNDA:0,(anonymous_6)
FNDA:0,handleReaction
DA:5,1
DA:8,2
DA:10,2
DA:11,2
DA:12,0
DA:13,0
DA:14,0
DA:16,0
DA:22,0
DA:24,0
DA:25,0
DA:26,0
DA:28,0
DA:34,0
DA:46,0
DA:48,0
DA:51,0
DA:67,0
DA:68,0
DA:69,0
DA:72,0
DA:73,0
DA:74,0
DA:79,0
DA:84,0
DA:85,0
DA:87,0
DA:88,0
DA:90,0
DA:91,0
DA:93,0
DA:94,0
DA:96,0
DA:98,0
DA:101,0
DA:103,0
DA:104,0
DA:107,0
DA:109,0
DA:110,0
DA:115,0
DA:118,0
DA:122,0
DA:124,0
DA:125,0
DA:130,0
LF:46
LH:4
BRDA:12,0,0,0
BRDA:12,0,1,0
BRDA:25,1,0,0
BRDA:25,1,1,0
BRDA:26,2,0,0
BRDA:26,2,1,0
BRDA:28,3,0,0
BRDA:28,3,1,0
BRDA:29,4,0,0
BRDA:29,4,1,0
BRDA:29,5,0,0
BRDA:29,5,1,0
BRDA:30,6,0,0
BRDA:30,6,1,0
BRDA:40,7,0,0
BRDA:40,7,1,0
BRDA:60,8,0,0
BRDA:60,8,1,0
BRDA:68,9,0,0
BRDA:68,9,1,0
BRDA:73,10,0,0
BRDA:73,10,1,0
BRDA:80,11,0,0
BRDA:80,11,1,0
BRDA:84,12,0,0
BRDA:84,12,1,0
BRDA:85,13,0,0
BRDA:85,13,1,0
BRDA:87,14,0,0
BRDA:87,14,1,0
BRDA:88,15,0,0
BRDA:88,15,1,0
BRDA:91,16,0,0
BRDA:91,16,1,0
BRDA:94,17,0,0
BRDA:94,17,1,0
BRDA:101,18,0,0
BRDA:101,18,1,0
BRDA:103,19,0,0
BRDA:103,19,1,0
BRF:40
BRH:0
end_of_record
